<?xml version="1.0" encoding="UTF-8"?>
<!-- Generated by org.testng.reporters.JUnitReportReporter -->
<testsuite hostname="ShirshaLaptop" failures="0" tests="1" name="practiceLocators.tutorial2" time="0.005" errors="0" timestamp="2023-03-05T16:55:54 CST" skipped="0">
  <testcase classname="practiceLocators.tutorial2" name="heythere" time="0.005"/>
  <system-out/>
</testsuite> <!-- practiceLocators.tutorial2 -->
