<?xml version="1.0" encoding="UTF-8"?>
<!-- Generated by org.testng.reporters.JUnitReportReporter -->
<testsuite hostname="ShirshaLaptop" failures="0" tests="2" name="practiceLocators.testNGtutorial" time="0.039" errors="0" timestamp="2023-03-05T16:55:54 CST" skipped="0">
  <testcase classname="practiceLocators.testNGtutorial" name="hello" time="0.004"/>
  <system-out/>
  <testcase classname="practiceLocators.testNGtutorial" name="bye" time="0.035"/>
  <system-out/>
</testsuite> <!-- practiceLocators.testNGtutorial -->
